<?xml version="1.0" encoding="UTF-8"?>
<testsuite xmlns:xsi="http://www.w3.org/2001/XMLSchema-instance" xsi:noNamespaceSchemaLocation="https://maven.apache.org/surefire/maven-surefire-plugin/xsd/surefire-test-report.xsd" name="io.practice.MainDevCodesTest" time="0.039" tests="2" errors="0" skipped="0" failures="1">
  <properties>
[...]
</properties>
  <testcase name="testAdd" classname="io.practice.MainDevCodesTest" time="0.031">
    <failure message="Both values are diffrent ==&gt; expected: &lt;6&gt; but was: &lt;7&gt;" type="org.opentest4j.AssertionFailedError"><![CDATA[org.opentest4j.AssertionFailedError: Both values are diffrent ==> expected: <6> but was: <7>
	at io.practice.MainDevCodesTest.testAdd(MainDevCodesTest.java:14)
]]></failure>
  </testcase>
  <testcase name="testArea" classname="io.practice.MainDevCodesTest" time="0"/>
</testsuite>