<?xml version="1.0" encoding="UTF-8"?>
<testng-results skipped="0" failed="0" ignored="0" total="11" passed="11">
  <reporter-output>
  </reporter-output>
  <suite name="ABCDTestNG by packages" duration-ms="23662" started-at="2019-12-15T23:47:50 IST" finished-at="2019-12-15T23:48:14 IST">
    <groups>
      <group name="onGooglePage">
        <method signature="demoTestNG.googleSearch()[pri:2, instance:com.TestLearn.demoTestNG@67b92f0a]" name="googleSearch" class="com.TestLearn.demoTestNG"/>
        <method signature="demoTestNG.googleTitle()[pri:2, instance:com.TestLearn.demoTestNG@67b92f0a]" name="googleTitle" class="com.TestLearn.demoTestNG"/>
      </group> <!-- onGooglePage -->
    </groups>
    <test name="com.TestLearn" duration-ms="23662" started-at="2019-12-15T23:47:50 IST" finished-at="2019-12-15T23:48:14 IST">
      <class name="com.TestLearn.exceptionTimeOutTest">
        <test-method status="PASS" signature="checkException()[pri:0, instance:com.TestLearn.exceptionTimeOutTest@2b9627bc]" name="checkException" duration-ms="3" started-at="2019-12-15T23:48:14 IST" finished-at="2019-12-15T23:48:14 IST">
          <exception class="java.lang.NumberFormatException">
            <message>
              <![CDATA[For input string: "101A"]]>
            </message>
            <full-stacktrace>
              <![CDATA[java.lang.NumberFormatException: For input string: "101A"
at java.lang.NumberFormatException.forInputString(Unknown Source)
at java.lang.Integer.parseInt(Unknown Source)
at java.lang.Integer.parseInt(Unknown Source)
at com.TestLearn.exceptionTimeOutTest.checkException(exceptionTimeOutTest.java:11)
at sun.reflect.NativeMethodAccessorImpl.invoke0(Native Method)
at sun.reflect.NativeMethodAccessorImpl.invoke(Unknown Source)
at sun.reflect.DelegatingMethodAccessorImpl.invoke(Unknown Source)
at java.lang.reflect.Method.invoke(Unknown Source)
at org.testng.internal.MethodInvocationHelper.invokeMethod(MethodInvocationHelper.java:133)
at org.testng.internal.TestInvoker.invokeMethod(TestInvoker.java:584)
at org.testng.internal.TestInvoker.invokeTestMethod(TestInvoker.java:172)
at org.testng.internal.MethodRunner.runInSequence(MethodRunner.java:46)
at org.testng.internal.TestInvoker$MethodInvocationAgent.invoke(TestInvoker.java:804)
at org.testng.internal.TestInvoker.invokeTestMethods(TestInvoker.java:145)
at org.testng.internal.TestMethodWorker.invokeTestMethods(TestMethodWorker.java:146)
at org.testng.internal.TestMethodWorker.run(TestMethodWorker.java:128)
at java.util.ArrayList.forEach(Unknown Source)
at org.testng.TestRunner.privateRun(TestRunner.java:770)
at org.testng.TestRunner.run(TestRunner.java:591)
at org.testng.SuiteRunner.runTest(SuiteRunner.java:402)
at org.testng.SuiteRunner.runSequentially(SuiteRunner.java:396)
at org.testng.SuiteRunner.privateRun(SuiteRunner.java:355)
at org.testng.SuiteRunner.run(SuiteRunner.java:304)
at org.testng.SuiteRunnerWorker.runSuite(SuiteRunnerWorker.java:53)
at org.testng.SuiteRunnerWorker.run(SuiteRunnerWorker.java:96)
at org.testng.TestNG.runSuitesSequentially(TestNG.java:1180)
at org.testng.TestNG.runSuitesLocally(TestNG.java:1102)
at org.testng.TestNG.runSuites(TestNG.java:1032)
at org.testng.TestNG.run(TestNG.java:1000)
at org.testng.remote.AbstractRemoteTestNG.run(AbstractRemoteTestNG.java:115)
at org.testng.remote.RemoteTestNG.initAndRun(RemoteTestNG.java:251)
at org.testng.remote.RemoteTestNG.main(RemoteTestNG.java:77)
]]>
            </full-stacktrace>
          </exception> <!-- java.lang.NumberFormatException -->
          <reporter-output>
          </reporter-output>
        </test-method> <!-- checkException -->
      </class> <!-- com.TestLearn.exceptionTimeOutTest -->
      <class name="com.TestLearn.testNGFeature">
        <test-method status="PASS" signature="loginTest()[pri:0, instance:com.TestLearn.testNGFeature@4f970963]" name="loginTest" duration-ms="16" started-at="2019-12-15T23:47:50 IST" finished-at="2019-12-15T23:47:50 IST">
          <reporter-output>
          </reporter-output>
        </test-method> <!-- loginTest -->
        <test-method status="PASS" signature="validApp()[pri:0, instance:com.TestLearn.testNGFeature@4f970963]" name="validApp" duration-ms="2" started-at="2019-12-15T23:47:50 IST" depends-on-methods="com.TestLearn.testNGFeature.loginTest" finished-at="2019-12-15T23:47:50 IST">
          <reporter-output>
          </reporter-output>
        </test-method> <!-- validApp -->
      </class> <!-- com.TestLearn.testNGFeature -->
      <class name="com.TestLearn.invocationCountTest">
        <test-method status="PASS" signature="sum()[pri:0, instance:com.TestLearn.invocationCountTest@65e2dbf3]" name="sum" duration-ms="4" started-at="2019-12-15T23:48:14 IST" finished-at="2019-12-15T23:48:14 IST">
          <reporter-output>
          </reporter-output>
        </test-method> <!-- sum -->
        <test-method status="PASS" signature="sum()[pri:0, instance:com.TestLearn.invocationCountTest@65e2dbf3]" name="sum" duration-ms="3" started-at="2019-12-15T23:48:14 IST" finished-at="2019-12-15T23:48:14 IST">
          <reporter-output>
          </reporter-output>
        </test-method> <!-- sum -->
        <test-method status="PASS" signature="sum()[pri:0, instance:com.TestLearn.invocationCountTest@65e2dbf3]" name="sum" duration-ms="3" started-at="2019-12-15T23:48:14 IST" finished-at="2019-12-15T23:48:14 IST">
          <reporter-output>
          </reporter-output>
        </test-method> <!-- sum -->
        <test-method status="PASS" signature="sum()[pri:0, instance:com.TestLearn.invocationCountTest@65e2dbf3]" name="sum" duration-ms="2" started-at="2019-12-15T23:48:14 IST" finished-at="2019-12-15T23:48:14 IST">
          <reporter-output>
          </reporter-output>
        </test-method> <!-- sum -->
        <test-method status="PASS" signature="sum()[pri:0, instance:com.TestLearn.invocationCountTest@65e2dbf3]" name="sum" duration-ms="3" started-at="2019-12-15T23:48:14 IST" finished-at="2019-12-15T23:48:14 IST">
          <reporter-output>
          </reporter-output>
        </test-method> <!-- sum -->
      </class> <!-- com.TestLearn.invocationCountTest -->
      <class name="com.TestLearn.demoTestNG">
        <test-method status="PASS" signature="setUp()[pri:0, instance:com.TestLearn.demoTestNG@67b92f0a]" name="setUp" is-config="true" duration-ms="6304" started-at="2019-12-15T23:47:50 IST" finished-at="2019-12-15T23:47:57 IST">
          <reporter-output>
          </reporter-output>
        </test-method> <!-- setUp -->
        <test-method status="PASS" signature="googleImage()[pri:1, instance:com.TestLearn.demoTestNG@67b92f0a]" name="googleImage" duration-ms="118" started-at="2019-12-15T23:47:57 IST" finished-at="2019-12-15T23:47:57 IST">
          <reporter-output>
          </reporter-output>
        </test-method> <!-- googleImage -->
        <test-method status="PASS" signature="killTest()[pri:0, instance:com.TestLearn.demoTestNG@67b92f0a]" name="killTest" is-config="true" duration-ms="1433" started-at="2019-12-15T23:47:57 IST" finished-at="2019-12-15T23:47:58 IST">
          <reporter-output>
          </reporter-output>
        </test-method> <!-- killTest -->
        <test-method status="PASS" signature="setUp()[pri:0, instance:com.TestLearn.demoTestNG@67b92f0a]" name="setUp" is-config="true" duration-ms="9086" started-at="2019-12-15T23:47:58 IST" finished-at="2019-12-15T23:48:07 IST">
          <reporter-output>
          </reporter-output>
        </test-method> <!-- setUp -->
        <test-method status="PASS" signature="googleSearch()[pri:2, instance:com.TestLearn.demoTestNG@67b92f0a]" name="googleSearch" duration-ms="66" started-at="2019-12-15T23:48:07 IST" finished-at="2019-12-15T23:48:07 IST">
          <reporter-output>
          </reporter-output>
        </test-method> <!-- googleSearch -->
        <test-method status="PASS" signature="killTest()[pri:0, instance:com.TestLearn.demoTestNG@67b92f0a]" name="killTest" is-config="true" duration-ms="719" started-at="2019-12-15T23:48:07 IST" finished-at="2019-12-15T23:48:08 IST">
          <reporter-output>
          </reporter-output>
        </test-method> <!-- killTest -->
        <test-method status="PASS" signature="setUp()[pri:0, instance:com.TestLearn.demoTestNG@67b92f0a]" name="setUp" is-config="true" duration-ms="5002" started-at="2019-12-15T23:48:08 IST" finished-at="2019-12-15T23:48:13 IST">
          <reporter-output>
          </reporter-output>
        </test-method> <!-- setUp -->
        <test-method status="PASS" signature="googleTitle()[pri:2, instance:com.TestLearn.demoTestNG@67b92f0a]" name="googleTitle" duration-ms="20" started-at="2019-12-15T23:48:13 IST" finished-at="2019-12-15T23:48:13 IST">
          <reporter-output>
          </reporter-output>
        </test-method> <!-- googleTitle -->
        <test-method status="PASS" signature="killTest()[pri:0, instance:com.TestLearn.demoTestNG@67b92f0a]" name="killTest" is-config="true" duration-ms="779" started-at="2019-12-15T23:48:13 IST" finished-at="2019-12-15T23:48:14 IST">
          <reporter-output>
          </reporter-output>
        </test-method> <!-- killTest -->
      </class> <!-- com.TestLearn.demoTestNG -->
    </test> <!-- com.TestLearn -->
  </suite> <!-- ABCDTestNG by packages -->
</testng-results>
