<?xml version="1.0" encoding="UTF-8"?>
<!-- Generated by org.testng.reporters.JUnitXMLReporter -->
<testsuite hostname="LAPTOP-PP0IDSJI" ignored="0" name="Default test" tests="3" failures="0" timestamp="2019-12-15T23:45:21 IST" time="20.624" errors="0">
  <testcase name="googleImage" time="0.19" classname="com.TestLearn.demoTestNG"/>
  <testcase name="googleSearch" time="0.119" classname="com.TestLearn.demoTestNG"/>
  <testcase name="googleTitle" time="0.013" classname="com.TestLearn.demoTestNG"/>
</testsuite> <!-- Default test -->
