<?xml version="1.0" encoding="UTF-8"?>
<!-- Generated by org.testng.reporters.JUnitXMLReporter -->
<testsuite hostname="LAPTOP-PP0IDSJI" ignored="0" name="com.TestLearn" tests="11" failures="0" timestamp="2019-12-15T23:48:14 IST" time="23.662" errors="0">
  <testcase name="loginTest" time="0.016" classname="com.TestLearn.testNGFeature"/>
  <testcase name="validApp" time="0.002" classname="com.TestLearn.testNGFeature"/>
  <testcase name="googleImage" time="0.118" classname="com.TestLearn.demoTestNG"/>
  <testcase name="googleSearch" time="0.066" classname="com.TestLearn.demoTestNG"/>
  <testcase name="googleTitle" time="0.02" classname="com.TestLearn.demoTestNG"/>
  <testcase name="checkException" time="0.003" classname="com.TestLearn.exceptionTimeOutTest"/>
  <testcase name="sum" time="0.004" classname="com.TestLearn.invocationCountTest"/>
  <testcase name="sum" time="0.003" classname="com.TestLearn.invocationCountTest"/>
  <testcase name="sum" time="0.003" classname="com.TestLearn.invocationCountTest"/>
  <testcase name="sum" time="0.002" classname="com.TestLearn.invocationCountTest"/>
  <testcase name="sum" time="0.003" classname="com.TestLearn.invocationCountTest"/>
</testsuite> <!-- com.TestLearn -->
